<?xml version="1.0" encoding="utf-8"?><testsuites name="pytest tests"><testsuite name="pytest" errors="0" failures="1" skipped="0" tests="29" time="8.367" timestamp="2026-01-16T18:05:47.282462+00:00" hostname="agent-env-7c66ec85-f7e6-4d06-9650-6dc93c797c2d"><testcase classname="tests.test_backend_regression.TestAPIVersion" name="test_api_version" time="0.085" /><testcase classname="tests.test_backend_regression.TestAdminAuth" name="test_admin_login_success" time="0.266" /><testcase classname="tests.test_backend_regression.TestAdminAuth" name="test_admin_login_invalid_password" time="0.257" /><testcase classname="tests.test_backend_regression.TestEmployeeAuth" name="test_employee_login_success" time="0.264" /><testcase classname="tests.test_backend_regression.TestEmployeeAuth" name="test_employee_login_invalid_email" time="0.036" /><testcase classname="tests.test_backend_regression.TestAdminDashboard" name="test_get_dashboard_stats" time="0.299" /><testcase classname="tests.test_backend_regression.TestAdminDashboard" name="test_dashboard_stats_requires_admin" time="0.332" /><testcase classname="tests.test_backend_regression.TestEmployeeClockInOut" name="test_get_current_shift" time="0.294" /><testcase classname="tests.test_backend_regression.TestEmployeeClockInOut" name="test_clock_in_and_out_flow" time="0.479" /><testcase classname="tests.test_backend_regression.TestEmployeeClockInOut" name="test_clock_in_requires_employee" time="0.296" /><testcase classname="tests.test_backend_regression.TestTicketsAPI" name="test_list_tickets_admin" time="0.347" /><testcase classname="tests.test_backend_regression.TestTicketsAPI" name="test_list_tickets_employee" time="0.297" /><testcase classname="tests.test_backend_regression.TestTicketsAPI" name="test_create_ticket" time="0.300" /><testcase classname="tests.test_backend_regression.TestCalendarAPI" name="test_get_calendar_events" time="0.297" /><testcase classname="tests.test_backend_regression.TestCalendarAPI" name="test_get_holidays" time="0.298" /><testcase classname="tests.test_backend_regression.TestLeaveRequestsAPI" name="test_get_leave_requests_employee" time="0.297" /><testcase classname="tests.test_backend_regression.TestLeaveRequestsAPI" name="test_get_leave_requests_admin" time="0.324" /><testcase classname="tests.test_backend_regression.TestLeaveRequestsAPI" name="test_create_leave_request" time="0.318"><failure message="KeyError: 'status'">tests/test_backend_regression.py:339: in test_create_leave_request
    assert data["status"] == "PENDING"
           ^^^^^^^^^^^^^^
E   KeyError: 'status'</failure></testcase><testcase classname="tests.test_backend_regression.TestChatChannelsAPI" name="test_get_chat_channels" time="0.297" /><testcase classname="tests.test_backend_regression.TestChatChannelsAPI" name="test_get_channel_messages" time="0.332" /><testcase classname="tests.test_backend_regression.TestAuthMe" name="test_auth_me_admin" time="0.295" /><testcase classname="tests.test_backend_regression.TestAuthMe" name="test_auth_me_employee" time="0.334" /><testcase classname="tests.test_backend_regression.TestAuthMe" name="test_auth_me_no_token" time="0.037" /><testcase classname="tests.test_backend_regression.TestAdminEmployees" name="test_get_employees" time="0.298" /><testcase classname="tests.test_backend_regression.TestAdminEmployees" name="test_get_employees_requires_admin" time="0.330" /><testcase classname="tests.test_backend_regression.TestTimesheets" name="test_get_employee_timesheets" time="0.293" /><testcase classname="tests.test_backend_regression.TestTimesheets" name="test_get_admin_timesheets" time="0.333" /><testcase classname="tests.test_backend_regression.TestProjects" name="test_get_projects" time="0.328" /><testcase classname="tests.test_backend_regression.TestNotifications" name="test_get_notifications" time="0.295" /></testsuite></testsuites>