<?xml version="1.0" encoding="utf-8"?><testsuites name="pytest tests"><testsuite name="pytest" errors="0" failures="0" skipped="0" tests="21" time="4.613" timestamp="2026-01-14T22:47:37.486249+00:00" hostname="agent-env-7c66ec85-f7e6-4d06-9650-6dc93c797c2d"><testcase classname="tests.test_calendar_feature.TestAuth" name="test_admin_login" time="0.302" /><testcase classname="tests.test_calendar_feature.TestAuth" name="test_employee_login" time="0.303" /><testcase classname="tests.test_calendar_feature.TestHolidayCRUD" name="test_create_holiday_admin" time="0.340" /><testcase classname="tests.test_calendar_feature.TestHolidayCRUD" name="test_create_holiday_employee_forbidden" time="0.312" /><testcase classname="tests.test_calendar_feature.TestHolidayCRUD" name="test_get_holidays_by_year" time="0.041" /><testcase classname="tests.test_calendar_feature.TestHolidayCRUD" name="test_get_holidays_employee_can_view" time="0.037" /><testcase classname="tests.test_calendar_feature.TestHolidayCRUD" name="test_update_holiday_admin" time="0.165" /><testcase classname="tests.test_calendar_feature.TestHolidayCRUD" name="test_update_holiday_employee_forbidden" time="0.163" /><testcase classname="tests.test_calendar_feature.TestHolidayCRUD" name="test_delete_holiday_admin" time="0.120" /><testcase classname="tests.test_calendar_feature.TestHolidayCRUD" name="test_delete_holiday_employee_forbidden" time="0.168" /><testcase classname="tests.test_calendar_feature.TestHolidayCRUD" name="test_delete_nonexistent_holiday" time="0.037" /><testcase classname="tests.test_calendar_feature.TestCalendarEvents" name="test_get_calendar_events_admin" time="0.298" /><testcase classname="tests.test_calendar_feature.TestCalendarEvents" name="test_get_calendar_events_employee" time="0.343" /><testcase classname="tests.test_calendar_feature.TestCalendarEvents" name="test_calendar_events_include_holidays" time="0.115" /><testcase classname="tests.test_calendar_feature.TestCalendarEvents" name="test_calendar_events_types" time="0.084" /><testcase classname="tests.test_calendar_feature.TestCalendarEvents" name="test_calendar_events_date_range_filter" time="0.190" /><testcase classname="tests.test_calendar_feature.TestRoleBasedVisibility" name="test_admin_sees_all_leaves" time="0.327" /><testcase classname="tests.test_calendar_feature.TestRoleBasedVisibility" name="test_employee_sees_own_leaves_only" time="0.306" /><testcase classname="tests.test_calendar_feature.TestRoleBasedVisibility" name="test_both_roles_see_holidays" time="0.171" /><testcase classname="tests.test_calendar_feature.TestRecurringHolidays" name="test_create_recurring_holiday" time="0.361" /><testcase classname="tests.test_calendar_feature.TestCleanup" name="test_cleanup_test_holidays" time="0.347" /></testsuite></testsuites>