<?xml version="1.0" encoding="utf-8"?><testsuites name="pytest tests"><testsuite name="pytest" errors="0" failures="0" skipped="0" tests="18" time="5.052" timestamp="2026-01-21T21:41:19.374741+00:00" hostname="agent-env-ce5c3a08-0c88-437b-96eb-2a18ab6c7c85"><testcase classname="tests.test_invitation_system.TestInvitationSystem" name="test_01_api_health_check" time="0.099" /><testcase classname="tests.test_invitation_system.TestInvitationSystem" name="test_02_admin_login" time="0.262" /><testcase classname="tests.test_invitation_system.TestInvitationSystem" name="test_03_create_invitation" time="0.273" /><testcase classname="tests.test_invitation_system.TestInvitationSystem" name="test_04_list_invitations" time="0.269" /><testcase classname="tests.test_invitation_system.TestInvitationSystem" name="test_05_list_pending_invitations" time="0.313" /><testcase classname="tests.test_invitation_system.TestInvitationSystem" name="test_06_validate_invitation_code" time="0.288" /><testcase classname="tests.test_invitation_system.TestInvitationSystem" name="test_07_validate_invalid_code" time="0.038" /><testcase classname="tests.test_invitation_system.TestInvitationSystem" name="test_08_revoke_invitation" time="0.307" /><testcase classname="tests.test_invitation_system.TestInvitationSystem" name="test_09_signup_without_invitation_code_fails" time="0.039" /><testcase classname="tests.test_invitation_system.TestInvitationSystem" name="test_10_signup_with_invalid_code_fails" time="0.036" /><testcase classname="tests.test_invitation_system.TestInvitationSystem" name="test_11_signup_with_valid_invitation_code" time="0.508" /><testcase classname="tests.test_invitation_system.TestInvitationSystem" name="test_12_invitation_marked_accepted_after_signup" time="0.752" /><testcase classname="tests.test_invitation_system.TestInvitationSystem" name="test_13_cannot_reuse_accepted_invitation" time="0.547" /><testcase classname="tests.test_invitation_system.TestInvitationSystem" name="test_14_admin_signup_with_admin_code" time="0.259" /><testcase classname="tests.test_invitation_system.TestInvitationSystem" name="test_15_admin_signup_with_wrong_code_fails" time="0.034" /><testcase classname="tests.test_invitation_system.TestInvitationSystem" name="test_16_duplicate_pending_invitation_fails" time="0.311" /><testcase classname="tests.test_invitation_system.TestInvitationSystem" name="test_17_cannot_invite_registered_email" time="0.306" /><testcase classname="tests.test_invitation_system.TestInvitationSystem" name="test_18_email_mismatch_fails" time="0.276" /></testsuite></testsuites>