<?xml version="1.0" encoding="utf-8"?><testsuites name="pytest tests"><testsuite name="pytest" errors="0" failures="1" skipped="1" tests="29" time="45.373" timestamp="2026-01-21T22:21:47.010114+00:00" hostname="agent-env-ce5c3a08-0c88-437b-96eb-2a18ab6c7c85"><testcase classname="tests.test_comprehensive_hrms.TestAuthentication" name="test_admin_login_success" time="0.302" /><testcase classname="tests.test_comprehensive_hrms.TestAuthentication" name="test_login_wrong_email" time="0.045" /><testcase classname="tests.test_comprehensive_hrms.TestAuthentication" name="test_login_wrong_password" time="0.261" /><testcase classname="tests.test_comprehensive_hrms.TestAuthentication" name="test_employee_signup_without_invitation_blocked" time="0.042" /><testcase classname="tests.test_comprehensive_hrms.TestInvitationSystem" name="test_admin_create_invitation" time="0.303" /><testcase classname="tests.test_comprehensive_hrms.TestInvitationSystem" name="test_get_pending_invitations" time="0.307" /><testcase classname="tests.test_comprehensive_hrms.TestInvitationSystem" name="test_validate_invitation_code_endpoint" time="0.339" /><testcase classname="tests.test_comprehensive_hrms.TestInvitationSystem" name="test_revoke_invitation" time="0.339" /><testcase classname="tests.test_comprehensive_hrms.TestTimeTracking" name="test_employee_clock_in" time="0.300" /><testcase classname="tests.test_comprehensive_hrms.TestTimeTracking" name="test_employee_clock_out" time="0.343" /><testcase classname="tests.test_comprehensive_hrms.TestTimeTracking" name="test_employee_view_timesheets" time="0.296" /><testcase classname="tests.test_comprehensive_hrms.TestTimeTracking" name="test_admin_view_all_timesheets" time="0.291" /><testcase classname="tests.test_comprehensive_hrms.TestTicketingSystem" name="test_employee_create_ticket" time="0.299" /><testcase classname="tests.test_comprehensive_hrms.TestTicketingSystem" name="test_employee_view_own_tickets" time="0.305" /><testcase classname="tests.test_comprehensive_hrms.TestTicketingSystem" name="test_admin_view_all_tickets" time="0.324" /><testcase classname="tests.test_comprehensive_hrms.TestTicketingSystem" name="test_admin_view_ticket_stats" time="0.300" /><testcase classname="tests.test_comprehensive_hrms.TestTicketingSystem" name="test_ticket_status_update" time="0.601" /><testcase classname="tests.test_comprehensive_hrms.TestTicketingSystem" name="test_add_comment_to_ticket" time="0.614" /><testcase classname="tests.test_comprehensive_hrms.TestLeaveManagement" name="test_employee_submit_leave_request" time="0.300"><failure message="AssertionError: Expected 200, got 400: {&quot;detail&quot;:&quot;You already have a leave request for overlapping dates&quot;}&#10;assert 400 == 200&#10; +  where 400 = &lt;Response [400]&gt;.status_code">tests/test_comprehensive_hrms.py:390: in test_employee_submit_leave_request
    assert response.status_code == 200, f"Expected 200, got {response.status_code}: {response.text}"
E   AssertionError: Expected 200, got 400: {"detail":"You already have a leave request for overlapping dates"}
E   assert 400 == 200
E    +  where 400 = &lt;Response [400]&gt;.status_code</failure></testcase><testcase classname="tests.test_comprehensive_hrms.TestLeaveManagement" name="test_admin_view_all_leave_requests" time="0.305" /><testcase classname="tests.test_comprehensive_hrms.TestLeaveManagement" name="test_admin_approve_leave_request" time="0.556"><skipped type="pytest.skip" message="Could not create leave request">/app/tests/test_comprehensive_hrms.py:422: Could not create leave request</skipped></testcase><testcase classname="tests.test_comprehensive_hrms.TestCalendar" name="test_get_holidays" time="0.296" /><testcase classname="tests.test_comprehensive_hrms.TestCalendar" name="test_admin_add_holiday" time="0.291" /><testcase classname="tests.test_comprehensive_hrms.TestProjects" name="test_admin_create_project" time="0.302" /><testcase classname="tests.test_comprehensive_hrms.TestProjects" name="test_admin_assign_employees_to_project" time="0.339" /><testcase classname="tests.test_comprehensive_hrms.TestProjects" name="test_employee_view_assigned_projects" time="0.294" /><testcase classname="tests.test_comprehensive_hrms.TestProfile" name="test_user_view_profile" time="0.292" /><testcase classname="tests.test_comprehensive_hrms.TestProfile" name="test_user_update_profile" time="28.111" /><testcase classname="tests.test_comprehensive_hrms.TestLogout" name="test_logout_clears_session" time="8.562" /></testsuite></testsuites>