<?xml version="1.0" encoding="utf-8"?><testsuites name="pytest tests"><testsuite name="pytest" errors="0" failures="0" skipped="0" tests="12" time="4.213" timestamp="2026-01-09T19:38:04.325793+00:00" hostname="agent-env-1b17c20a-3e6e-4720-9d7c-18ae061f9499"><testcase classname="tests.test_cortracker_features.TestAuth" name="test_admin_login" time="0.302" /><testcase classname="tests.test_cortracker_features.TestAuth" name="test_employee_login" time="0.305" /><testcase classname="tests.test_cortracker_features.TestPDFExportWithLogo" name="test_timesheet_pdf_export_returns_pdf" time="0.352" /><testcase classname="tests.test_cortracker_features.TestPDFExportWithLogo" name="test_performance_insights_pdf_export" time="0.369" /><testcase classname="tests.test_cortracker_features.TestChatFileUpload" name="test_upload_image_file" time="0.329" /><testcase classname="tests.test_cortracker_features.TestChatFileUpload" name="test_upload_document_file" time="0.315" /><testcase classname="tests.test_cortracker_features.TestChatFileUpload" name="test_retrieve_uploaded_file" time="0.424" /><testcase classname="tests.test_cortracker_features.TestChatFileUpload" name="test_file_size_limit" time="0.401" /><testcase classname="tests.test_cortracker_features.TestChatFileUpload" name="test_invalid_file_type_rejected" time="0.400" /><testcase classname="tests.test_cortracker_features.TestChatMessageWithAttachment" name="test_send_channel_message_with_image_attachment" time="0.450" /><testcase classname="tests.test_cortracker_features.TestChatMessageWithAttachment" name="test_send_channel_message_with_document_attachment" time="0.503" /><testcase classname="tests.test_cortracker_features.TestLogoFileExists" name="test_logo_file_accessible" time="0.000" /></testsuite></testsuites>