<?xml version="1.0" encoding="utf-8"?><testsuites name="pytest tests"><testsuite name="pytest" errors="0" failures="0" skipped="0" tests="14" time="1.587" timestamp="2026-01-14T22:29:12.195557+00:00" hostname="agent-env-7c66ec85-f7e6-4d06-9650-6dc93c797c2d"><testcase classname="tests.test_ticket_attachments.TestAdminLogin" name="test_admin_login" time="0.290" /><testcase classname="tests.test_ticket_attachments.TestAdminTickets" name="test_admin_get_tickets" time="0.274" /><testcase classname="tests.test_ticket_attachments.TestAdminTickets" name="test_admin_add_comment_without_attachment" time="0.082" /><testcase classname="tests.test_ticket_attachments.TestAdminTickets" name="test_admin_add_comment_with_attachment" time="0.030" /><testcase classname="tests.test_ticket_attachments.TestAdminTickets" name="test_admin_add_internal_note_with_attachment" time="0.065" /><testcase classname="tests.test_ticket_attachments.TestAdminTickets" name="test_admin_verify_attachments_in_comments" time="0.024" /><testcase classname="tests.test_ticket_attachments.TestEmployeeLogin" name="test_employee_login" time="0.233" /><testcase classname="tests.test_ticket_attachments.TestEmployeeTickets" name="test_employee_get_tickets" time="0.241" /><testcase classname="tests.test_ticket_attachments.TestEmployeeTickets" name="test_employee_create_ticket" time="0.055" /><testcase classname="tests.test_ticket_attachments.TestEmployeeTickets" name="test_employee_add_comment_without_attachment" time="0.024" /><testcase classname="tests.test_ticket_attachments.TestEmployeeTickets" name="test_employee_add_comment_with_attachment" time="0.067" /><testcase classname="tests.test_ticket_attachments.TestEmployeeTickets" name="test_employee_add_multiple_attachments" time="0.066" /><testcase classname="tests.test_ticket_attachments.TestEmployeeTickets" name="test_employee_verify_attachments_in_comments" time="0.020" /><testcase classname="tests.test_ticket_attachments.TestEdgeCases" name="test_attachment_download_endpoint" time="0.048" /></testsuite></testsuites>