<?xml version="1.0" encoding="utf-8"?><testsuites name="pytest tests"><testsuite name="pytest" errors="0" failures="4" skipped="0" tests="28" time="9.135" timestamp="2026-01-21T22:20:34.265601+00:00" hostname="agent-env-ce5c3a08-0c88-437b-96eb-2a18ab6c7c85"><testcase classname="tests.test_comprehensive_hrms.TestAuthentication" name="test_admin_login_success" time="0.307" /><testcase classname="tests.test_comprehensive_hrms.TestAuthentication" name="test_login_wrong_email" time="0.039" /><testcase classname="tests.test_comprehensive_hrms.TestAuthentication" name="test_login_wrong_password" time="0.266" /><testcase classname="tests.test_comprehensive_hrms.TestAuthentication" name="test_employee_signup_without_invitation_blocked" time="0.036" /><testcase classname="tests.test_comprehensive_hrms.TestInvitationSystem" name="test_admin_create_invitation" time="0.307" /><testcase classname="tests.test_comprehensive_hrms.TestInvitationSystem" name="test_get_pending_invitations" time="0.302" /><testcase classname="tests.test_comprehensive_hrms.TestInvitationSystem" name="test_validate_invitation_code_endpoint" time="0.337" /><testcase classname="tests.test_comprehensive_hrms.TestInvitationSystem" name="test_revoke_invitation" time="0.332" /><testcase classname="tests.test_comprehensive_hrms.TestTimeTracking" name="test_employee_clock_in" time="0.301" /><testcase classname="tests.test_comprehensive_hrms.TestTimeTracking" name="test_employee_clock_out" time="0.328" /><testcase classname="tests.test_comprehensive_hrms.TestTimeTracking" name="test_employee_view_timesheets" time="0.300" /><testcase classname="tests.test_comprehensive_hrms.TestTimeTracking" name="test_admin_view_all_timesheets" time="0.303" /><testcase classname="tests.test_comprehensive_hrms.TestTicketingSystem" name="test_employee_create_ticket" time="0.314" /><testcase classname="tests.test_comprehensive_hrms.TestTicketingSystem" name="test_employee_view_own_tickets" time="0.315" /><testcase classname="tests.test_comprehensive_hrms.TestTicketingSystem" name="test_admin_view_all_tickets" time="0.293"><failure message="assert 404 == 200&#10; +  where 404 = &lt;Response [404]&gt;.status_code">tests/test_comprehensive_hrms.py:284: in test_admin_view_all_tickets
    assert response.status_code == 200
E   assert 404 == 200
E    +  where 404 = &lt;Response [404]&gt;.status_code</failure></testcase><testcase classname="tests.test_comprehensive_hrms.TestTicketingSystem" name="test_ticket_status_update" time="0.594"><failure message="assert 404 == 200&#10; +  where 404 = &lt;Response [404]&gt;.status_code">tests/test_comprehensive_hrms.py:310: in test_ticket_status_update
    assert update_response.status_code == 200
E   assert 404 == 200
E    +  where 404 = &lt;Response [404]&gt;.status_code</failure></testcase><testcase classname="tests.test_comprehensive_hrms.TestTicketingSystem" name="test_add_comment_to_ticket" time="0.649" /><testcase classname="tests.test_comprehensive_hrms.TestLeaveManagement" name="test_employee_submit_leave_request" time="0.311"><failure message="KeyError: 'status'">tests/test_comprehensive_hrms.py:382: in test_employee_submit_leave_request
    assert data["status"] == "PENDING"
           ^^^^^^^^^^^^^^
E   KeyError: 'status'</failure></testcase><testcase classname="tests.test_comprehensive_hrms.TestLeaveManagement" name="test_admin_view_all_leave_requests" time="0.312" /><testcase classname="tests.test_comprehensive_hrms.TestLeaveManagement" name="test_admin_approve_leave_request" time="0.603"><failure message="KeyError: 'status'">tests/test_comprehensive_hrms.py:423: in test_admin_approve_leave_request
    assert data["status"] == "APPROVED"
           ^^^^^^^^^^^^^^
E   KeyError: 'status'</failure></testcase><testcase classname="tests.test_comprehensive_hrms.TestCalendar" name="test_get_holidays" time="0.290" /><testcase classname="tests.test_comprehensive_hrms.TestCalendar" name="test_admin_add_holiday" time="0.292" /><testcase classname="tests.test_comprehensive_hrms.TestProjects" name="test_admin_create_project" time="0.295" /><testcase classname="tests.test_comprehensive_hrms.TestProjects" name="test_admin_assign_employees_to_project" time="0.334" /><testcase classname="tests.test_comprehensive_hrms.TestProjects" name="test_employee_view_assigned_projects" time="0.298" /><testcase classname="tests.test_comprehensive_hrms.TestProfile" name="test_user_view_profile" time="0.293" /><testcase classname="tests.test_comprehensive_hrms.TestProfile" name="test_user_update_profile" time="0.295" /><testcase classname="tests.test_comprehensive_hrms.TestLogout" name="test_logout_clears_session" time="0.291" /></testsuite></testsuites>