<?xml version="1.0" encoding="utf-8"?><testsuites name="pytest tests"><testsuite name="pytest" errors="0" failures="0" skipped="1" tests="12" time="5.834" timestamp="2026-01-12T18:59:23.726086+00:00" hostname="agent-env-1b17c20a-3e6e-4720-9d7c-18ae061f9499"><testcase classname="tests.test_correction_requests.TestAuthSetup" name="test_admin_login" time="0.297" /><testcase classname="tests.test_correction_requests.TestAuthSetup" name="test_employee_login" time="0.263" /><testcase classname="tests.test_correction_requests.TestEmployeeTimesheets" name="test_get_employee_timesheets" time="0.301" /><testcase classname="tests.test_correction_requests.TestEmployeeTimesheets" name="test_get_current_shift" time="0.294" /><testcase classname="tests.test_correction_requests.TestCorrectionRequestsEmployee" name="test_get_correction_requests_empty_or_list" time="0.308" /><testcase classname="tests.test_correction_requests.TestCorrectionRequestsEmployee" name="test_submit_correction_request_requires_valid_timesheet" time="0.310" /><testcase classname="tests.test_correction_requests.TestCorrectionRequestsEmployee" name="test_submit_correction_request_requires_reason" time="0.333"><skipped type="pytest.skip" message="No timesheets available for testing">/app/tests/test_correction_requests.py:152: No timesheets available for testing</skipped></testcase><testcase classname="tests.test_correction_requests.TestCorrectionRequestsAdmin" name="test_get_all_correction_requests" time="0.300" /><testcase classname="tests.test_correction_requests.TestCorrectionRequestsAdmin" name="test_get_pending_correction_requests" time="0.305" /><testcase classname="tests.test_correction_requests.TestCorrectionRequestsAdmin" name="test_admin_dashboard_stats_includes_corrections" time="0.296" /><testcase classname="tests.test_correction_requests.TestCorrectionRequestFullFlow" name="test_full_correction_flow" time="1.989" /><testcase classname="tests.test_correction_requests.TestCorrectionRequestRejection" name="test_admin_can_reject_correction" time="0.690" /></testsuite></testsuites>