<?xml version="1.0" encoding="utf-8"?><testsuites name="pytest tests"><testsuite name="pytest" errors="0" failures="1" skipped="0" tests="25" time="15.616" timestamp="2026-02-01T19:31:44.909723+00:00" hostname="agent-env-6537f3ec-fe7a-4606-93e4-66c02da80a2a"><testcase classname="tests.test_multitenant_features.TestMultiTenantLogin" name="test_aurborbloom_admin_login" time="0.346" /><testcase classname="tests.test_multitenant_features.TestMultiTenantLogin" name="test_perfectsolutions_admin_login" time="0.266" /><testcase classname="tests.test_multitenant_features.TestMultiTenantLogin" name="test_knowviatech_admin_login" time="0.267" /><testcase classname="tests.test_multitenant_features.TestMultiTenantLogin" name="test_superadmin_login" time="0.270" /><testcase classname="tests.test_multitenant_features.TestCrossTenantSecurity" name="test_cross_tenant_login_blocked" time="0.043" /><testcase classname="tests.test_multitenant_features.TestCrossTenantSecurity" name="test_tenant_data_isolation_timesheets" time="0.671" /><testcase classname="tests.test_multitenant_features.TestCrossTenantSecurity" name="test_tenant_data_isolation_tickets" time="0.654" /><testcase classname="tests.test_multitenant_features.TestCrossTenantSecurity" name="test_tenant_data_isolation_leave_requests" time="0.621" /><testcase classname="tests.test_multitenant_features.TestCrossTenantSecurity" name="test_tenant_data_isolation_projects" time="0.606" /><testcase classname="tests.test_multitenant_features.TestAuditLogging" name="test_login_attempt_logged" time="0.576" /><testcase classname="tests.test_multitenant_features.TestAuditLogging" name="test_cross_tenant_attempt_logged" time="0.344" /><testcase classname="tests.test_multitenant_features.TestAuditLogging" name="test_audit_log_stats" time="0.303" /><testcase classname="tests.test_multitenant_features.TestWebhookManagement" name="test_create_webhook" time="0.324" /><testcase classname="tests.test_multitenant_features.TestWebhookManagement" name="test_list_webhooks" time="0.300" /><testcase classname="tests.test_multitenant_features.TestWebhookManagement" name="test_test_webhook" time="0.738" /><testcase classname="tests.test_multitenant_features.TestDataEncryption" name="test_encrypt_decrypt_data" time="0.372" /><testcase classname="tests.test_multitenant_features.TestDataEncryption" name="test_encryption_status" time="0.315" /><testcase classname="tests.test_multitenant_features.TestUsageMetrics" name="test_usage_overview" time="0.356" /><testcase classname="tests.test_multitenant_features.TestUsageMetrics" name="test_tenant_usage_details" time="0.315" /><testcase classname="tests.test_multitenant_features.TestRateLimiting" name="test_rate_limit_returns_429" time="6.709" /><testcase classname="tests.test_multitenant_features.TestPDFExports" name="test_admin_timesheets_pdf_export" time="0.305"><failure message="AssertionError: Expected 200/204/429, got 404: {&quot;detail&quot;:&quot;Not Found&quot;}&#10;assert 404 in [200, 204, 429]&#10; +  where 404 = &lt;Response [404]&gt;.status_code">tests/test_multitenant_features.py:529: in test_admin_timesheets_pdf_export
    assert response.status_code in [200, 204, 429], f"Expected 200/204/429, got {response.status_code}: {response.text}"
E   AssertionError: Expected 200/204/429, got 404: {"detail":"Not Found"}
E   assert 404 in [200, 204, 429]
E    +  where 404 = &lt;Response [404]&gt;.status_code</failure></testcase><testcase classname="tests.test_multitenant_features.TestPDFExports" name="test_leave_requests_pdf_export" time="0.309" /><testcase classname="tests.test_multitenant_features.TestPDFExports" name="test_tickets_pdf_export" time="0.319" /><testcase classname="tests.test_multitenant_features.TestTenantPublicEndpoints" name="test_get_public_tenants" time="0.041" /><testcase classname="tests.test_multitenant_features.TestTenantPublicEndpoints" name="test_get_tenant_public_info" time="0.116" /></testsuite></testsuites>