<?xml version="1.0" encoding="utf-8"?><testsuites name="pytest tests"><testsuite name="pytest" errors="0" failures="7" skipped="0" tests="25" time="56.688" timestamp="2026-02-01T19:29:06.339925+00:00" hostname="agent-env-6537f3ec-fe7a-4606-93e4-66c02da80a2a"><testcase classname="tests.test_multitenant_features.TestMultiTenantLogin" name="test_aurborbloom_admin_login" time="0.300" /><testcase classname="tests.test_multitenant_features.TestMultiTenantLogin" name="test_perfectsolutions_admin_login" time="0.269" /><testcase classname="tests.test_multitenant_features.TestMultiTenantLogin" name="test_knowviatech_admin_login" time="0.268" /><testcase classname="tests.test_multitenant_features.TestMultiTenantLogin" name="test_superadmin_login" time="0.264" /><testcase classname="tests.test_multitenant_features.TestCrossTenantSecurity" name="test_cross_tenant_login_blocked" time="0.041" /><testcase classname="tests.test_multitenant_features.TestCrossTenantSecurity" name="test_tenant_data_isolation_timesheets" time="0.660" /><testcase classname="tests.test_multitenant_features.TestCrossTenantSecurity" name="test_tenant_data_isolation_tickets" time="0.652" /><testcase classname="tests.test_multitenant_features.TestCrossTenantSecurity" name="test_tenant_data_isolation_leave_requests" time="0.622" /><testcase classname="tests.test_multitenant_features.TestCrossTenantSecurity" name="test_tenant_data_isolation_projects" time="0.616" /><testcase classname="tests.test_multitenant_features.TestAuditLogging" name="test_login_attempt_logged" time="0.579" /><testcase classname="tests.test_multitenant_features.TestAuditLogging" name="test_cross_tenant_attempt_logged" time="0.386" /><testcase classname="tests.test_multitenant_features.TestAuditLogging" name="test_audit_log_stats" time="0.303" /><testcase classname="tests.test_multitenant_features.TestWebhookManagement" name="test_create_webhook" time="0.325"><failure message="assert 'id' in {'message': 'Webhook created successfully', 'note': &quot;Save this secret securely - it's used to verify webhook signatures&quot;, 'secret': 'de1e4735-ff10-42e2-8e0c-6f8f6dd08aa8', 'webhook_id': '9d5db8d2-d25f-40e0-9b4d-5e8ca69b27cd'}">tests/test_multitenant_features.py:329: in test_create_webhook
    assert "id" in data
E   assert 'id' in {'message': 'Webhook created successfully', 'note': "Save this secret securely - it's used to verify webhook signatures", 'secret': 'de1e4735-ff10-42e2-8e0c-6f8f6dd08aa8', 'webhook_id': '9d5db8d2-d25f-40e0-9b4d-5e8ca69b27cd'}</failure></testcase><testcase classname="tests.test_multitenant_features.TestWebhookManagement" name="test_list_webhooks" time="0.312"><failure message="AssertionError: assert False&#10; +  where False = isinstance({'available_events': ['user.created', 'user.updated', 'user.deactivated', 'timesheet.clocked_in', 'timesheet.clocked_out', 'ticket.created', ...], 'webhooks': [{'created_at': '2026-02-01T19:29:11.777524+00:00', 'events': ['user.created', 'ticket.created'], 'failure_count': 0, 'headers': None, ...}]}, list)">tests/test_multitenant_features.py:346: in test_list_webhooks
    assert isinstance(data, list)
E   AssertionError: assert False
E    +  where False = isinstance({'available_events': ['user.created', 'user.updated', 'user.deactivated', 'timesheet.clocked_in', 'timesheet.clocked_out', 'ticket.created', ...], 'webhooks': [{'created_at': '2026-02-01T19:29:11.777524+00:00', 'events': ['user.created', 'ticket.created'], 'failure_count': 0, 'headers': None, ...}]}, list)</failure></testcase><testcase classname="tests.test_multitenant_features.TestWebhookManagement" name="test_test_webhook" time="0.304"><failure message="KeyError: 'id'">tests/test_multitenant_features.py:369: in test_test_webhook
    webhook_id = create_response.json()["id"]
                 ^^^^^^^^^^^^^^^^^^^^^^^^^^^^
E   KeyError: 'id'</failure></testcase><testcase classname="tests.test_multitenant_features.TestDataEncryption" name="test_encrypt_decrypt_data" time="0.378"><failure message="AssertionError: Decrypted data should match original: None != Sensitive employee SSN: 123-45-6789&#10;assert None == 'Sensitive employee SSN: 123-45-6789'">tests/test_multitenant_features.py:420: in test_encrypt_decrypt_data
    assert decrypted_value == test_data, f"Decrypted data should match original: {decrypted_value} != {test_data}"
E   AssertionError: Decrypted data should match original: None != Sensitive employee SSN: 123-45-6789
E   assert None == 'Sensitive employee SSN: 123-45-6789'</failure></testcase><testcase classname="tests.test_multitenant_features.TestDataEncryption" name="test_encryption_status" time="0.303" /><testcase classname="tests.test_multitenant_features.TestUsageMetrics" name="test_usage_overview" time="0.314" /><testcase classname="tests.test_multitenant_features.TestUsageMetrics" name="test_tenant_usage_details" time="0.314" /><testcase classname="tests.test_multitenant_features.TestRateLimiting" name="test_rate_limit_returns_429" time="48.135" /><testcase classname="tests.test_multitenant_features.TestPDFExports" name="test_admin_timesheets_pdf_export" time="0.304"><failure message="AssertionError: Expected 200/204, got 429: {&quot;detail&quot;: &quot;Rate limit exceeded. Please try again later.&quot;, &quot;retry_after&quot;: 60}&#10;assert 429 in [200, 204]&#10; +  where 429 = &lt;Response [429]&gt;.status_code">tests/test_multitenant_features.py:525: in test_admin_timesheets_pdf_export
    assert response.status_code in [200, 204], f"Expected 200/204, got {response.status_code}: {response.text}"
E   AssertionError: Expected 200/204, got 429: {"detail": "Rate limit exceeded. Please try again later.", "retry_after": 60}
E   assert 429 in [200, 204]
E    +  where 429 = &lt;Response [429]&gt;.status_code</failure></testcase><testcase classname="tests.test_multitenant_features.TestPDFExports" name="test_leave_requests_pdf_export" time="0.302"><failure message="AssertionError: Expected 200/204/404, got 429&#10;assert 429 in [200, 204, 404]&#10; +  where 429 = &lt;Response [429]&gt;.status_code">tests/test_multitenant_features.py:546: in test_leave_requests_pdf_export
    assert response.status_code in [200, 204, 404], f"Expected 200/204/404, got {response.status_code}"
E   AssertionError: Expected 200/204/404, got 429
E   assert 429 in [200, 204, 404]
E    +  where 429 = &lt;Response [429]&gt;.status_code</failure></testcase><testcase classname="tests.test_multitenant_features.TestPDFExports" name="test_tickets_pdf_export" time="0.349"><failure message="AssertionError: Expected 200/204/404, got 429&#10;assert 429 in [200, 204, 404]&#10; +  where 429 = &lt;Response [429]&gt;.status_code">tests/test_multitenant_features.py:558: in test_tickets_pdf_export
    assert response.status_code in [200, 204, 404], f"Expected 200/204/404, got {response.status_code}"
E   AssertionError: Expected 200/204/404, got 429
E   assert 429 in [200, 204, 404]
E    +  where 429 = &lt;Response [429]&gt;.status_code</failure></testcase><testcase classname="tests.test_multitenant_features.TestTenantPublicEndpoints" name="test_get_public_tenants" time="0.040" /><testcase classname="tests.test_multitenant_features.TestTenantPublicEndpoints" name="test_get_tenant_public_info" time="0.122" /></testsuite></testsuites>