<?xml version="1.0" encoding="utf-8"?><testsuites name="pytest tests"><testsuite name="pytest" errors="0" failures="0" skipped="0" tests="29" time="2.599" timestamp="2026-01-14T18:42:29.612421+00:00" hostname="agent-env-77028c25-bcc2-4ed1-9ced-c692a38d33ff"><testcase classname="tests.test_ticketing_system.TestAuthSetup" name="test_admin_login" time="0.283" /><testcase classname="tests.test_ticketing_system.TestAuthSetup" name="test_employee_login_or_create" time="0.267" /><testcase classname="tests.test_ticketing_system.TestTicketCreation" name="test_create_ticket_as_employee" time="0.083" /><testcase classname="tests.test_ticketing_system.TestTicketCreation" name="test_create_ticket_all_categories" time="0.263" /><testcase classname="tests.test_ticketing_system.TestTicketCreation" name="test_create_ticket_all_priorities" time="0.167" /><testcase classname="tests.test_ticketing_system.TestTicketCreation" name="test_create_ticket_validation_short_subject" time="0.034" /><testcase classname="tests.test_ticketing_system.TestTicketCreation" name="test_create_ticket_validation_short_description" time="0.035" /><testcase classname="tests.test_ticketing_system.TestTicketRetrieval" name="test_employee_get_own_tickets" time="0.046" /><testcase classname="tests.test_ticketing_system.TestTicketRetrieval" name="test_admin_get_all_tickets" time="0.042" /><testcase classname="tests.test_ticketing_system.TestTicketRetrieval" name="test_get_specific_ticket" time="0.043" /><testcase classname="tests.test_ticketing_system.TestTicketRetrieval" name="test_filter_tickets_by_status" time="0.041" /><testcase classname="tests.test_ticketing_system.TestTicketRetrieval" name="test_filter_tickets_by_category" time="0.042" /><testcase classname="tests.test_ticketing_system.TestTicketRetrieval" name="test_filter_tickets_by_priority" time="0.041" /><testcase classname="tests.test_ticketing_system.TestTicketUpdate" name="test_admin_update_ticket_status" time="0.038" /><testcase classname="tests.test_ticketing_system.TestTicketUpdate" name="test_admin_update_ticket_priority" time="0.034" /><testcase classname="tests.test_ticketing_system.TestTicketUpdate" name="test_admin_assign_ticket" time="0.035" /><testcase classname="tests.test_ticketing_system.TestTicketUpdate" name="test_admin_update_ticket_category" time="0.039" /><testcase classname="tests.test_ticketing_system.TestTicketUpdate" name="test_employee_cannot_update_status" time="0.039" /><testcase classname="tests.test_ticketing_system.TestTicketComments" name="test_admin_add_comment" time="0.042" /><testcase classname="tests.test_ticketing_system.TestTicketComments" name="test_admin_add_internal_note" time="0.040" /><testcase classname="tests.test_ticketing_system.TestTicketComments" name="test_employee_add_comment" time="0.037" /><testcase classname="tests.test_ticketing_system.TestTicketComments" name="test_employee_cannot_add_internal_note" time="0.037" /><testcase classname="tests.test_ticketing_system.TestTicketComments" name="test_get_comments_as_admin" time="0.038" /><testcase classname="tests.test_ticketing_system.TestTicketComments" name="test_get_comments_as_employee" time="0.035" /><testcase classname="tests.test_ticketing_system.TestAdminTicketStats" name="test_get_ticket_stats" time="0.088" /><testcase classname="tests.test_ticketing_system.TestAdminTicketStats" name="test_employee_cannot_access_stats" time="0.040" /><testcase classname="tests.test_ticketing_system.TestTicketResolution" name="test_resolve_ticket" time="0.038" /><testcase classname="tests.test_ticketing_system.TestTicketResolution" name="test_close_ticket" time="0.044" /><testcase classname="tests.test_ticketing_system.TestCleanup" name="test_cleanup_test_tickets" time="0.527" /></testsuite></testsuites>